<?xml version="1.0" encoding="UTF-8"?>
<!-- Generated by org.testng.reporters.JUnitReportReporter -->
<testsuite hostname="KUTT" failures="0" tests="1" name="TestCasePackage.TC001_locatorLearning" time="12.827" errors="0" timestamp="2022-03-01T00:38:53 BDT" skipped="0">
  <testcase classname="TestCasePackage.TC001_locatorLearning" name="locatorLearning" time="12.827"/>
  <system-out/>
</testsuite> <!-- TestCasePackage.TC001_locatorLearning -->
