<?xml version="1.0" encoding="UTF-8"?>
<!-- Generated by org.testng.reporters.JUnitReportReporter -->
<testsuite hostname="KUTT" failures="0" tests="1" name="TestCasePackage.TC001_locatorLearning" time="11.779" errors="0" timestamp="2022-02-28T22:46:29 BDT" skipped="0">
  <testcase classname="TestCasePackage.TC001_locatorLearning" name="locatorLearning" time="11.779"/>
  <system-out/>
</testsuite> <!-- TestCasePackage.TC001_locatorLearning -->
